<?xml version="1.0" encoding="UTF-8"?>
<testsuite xmlns:xsi="http://www.w3.org/2001/XMLSchema-instance" xsi:noNamespaceSchemaLocation="https://maven.apache.org/surefire/maven-surefire-plugin/xsd/surefire-test-report-3.0.xsd" version="3.0" name="com.example.demo_1.Demo1ApplicationTests" time="1.52" tests="1" errors="0" skipped="0" failures="0">
  <properties>
[...]
</properties>
  <testcase name="contextLoads" classname="com.example.demo_1.Demo1ApplicationTests" time="0.466">
    <system-out><![CDATA[21:17:48.054 [main] INFO org.springframework.test.context.support.AnnotationConfigContextLoaderUtils -- Could not detect default configuration classes for test class [com.example.demo_1.Demo1ApplicationTests]: Demo1ApplicationTests does not declare any static, non-private, non-final, nested classes annotated with @Configuration.
21:17:48.106 [main] INFO org.springframework.boot.test.context.SpringBootTestContextBootstrapper -- Found @SpringBootConfiguration com.example.demo_1.Demo1Application for test class com.example.demo_1.Demo1ApplicationTests

  .   ____          _            __ _ _
 /\\ / ___'_ __ _ _(_)_ __  __ _ \ \ \ \
( ( )\___ | '_ | '_| | '_ \/ _` | \ \ \ \
 \\/  ___)| |_)| | | | | || (_| |  ) ) ) )
  '  |____| .__|_| |_|_| |_\__, | / / / /
 =========|_|==============|___/=/_/_/_/
 :: Spring Boot ::                (v3.2.0)

2025-01-12T21:17:48.312+03:00  INFO 33292 --- [           main] c.example.demo_1.Demo1ApplicationTests   : Starting Demo1ApplicationTests using Java 17.0.11 with PID 33292 (started by serge in C:\Program Files\JavaProjects\SpringProjects\demo_1)
2025-01-12T21:17:48.313+03:00  INFO 33292 --- [           main] c.example.demo_1.Demo1ApplicationTests   : No active profile set, falling back to 1 default profile: "default"
2025-01-12T21:17:48.767+03:00  INFO 33292 --- [           main] o.s.b.a.w.s.WelcomePageHandlerMapping    : Adding welcome page template: index
2025-01-12T21:17:49.006+03:00  INFO 33292 --- [           main] c.example.demo_1.Demo1ApplicationTests   : Started Demo1ApplicationTests in 0.816 seconds (process running for 1.272)
]]></system-out>
  </testcase>
</testsuite>